#Https://Tamilneram.github.io
default 0
timeout 8
color NORMAL HIGHLIGHT HELPTEXT HEADING
foreground=FFFFFF
background=000000

title Boot DLUG
set ISO=/!/DLUG/SLUG
set CASPER=/!/DLUG/writable
find --set-root %ISO%
map %ISO% (0xff)
#CLUG
map --hook
root (0xff)
kernel /casper/VLUG file=/cdrom/preseed/SLEED noprompt boot=casper cdrom-detect/try-usb=true quiet splash iso-scan/filename=%ISO% quiet --
initrd /casper/ILUG

title Boot DLUG acpi=off
set ISO=/!/DLUG/SLUG
set CASPER=/!/DLUG/writable
find --set-root %ISO%
map %ISO% (0xff)
#CLUG
map --hook
root (0xff)
kernel /casper/VLUG file=/cdrom/preseed/SLEED noprompt boot=casper cdrom-detect/try-usb=true quiet splash iso-scan/filename=%ISO% quiet acpi=off --
initrd /casper/ILUG